-------------------------------------------------------------------------------
Test set: com.epam.autotasks.validator.NotesXmlValidatorTest
-------------------------------------------------------------------------------
Tests run: 7, Failures: 1, Errors: 0, Skipped: 0, Time elapsed: 0.032 s <<< FAILURE! - in com.epam.autotasks.validator.NotesXmlValidatorTest
shouldSuccessfullyValidateXml  Time elapsed: 0 s  <<< FAILURE!
org.opentest4j.AssertionFailedError: Unexpected exception thrown: org.xml.sax.SAXParseException: cvc-elt.1.a: Cannot find the declaration of element 'tc:notes'.
Caused by: org.xml.sax.SAXParseException: cvc-elt.1.a: Cannot find the declaration of element 'tc:notes'.

